<?xml version="1.0" encoding="UTF-8"?>
<coverage generated="1706048120992" clover="3.2.0">
  <project timestamp="1706048120992" name="All files">
    <metrics statements="180" coveredstatements="151" conditionals="54" coveredconditionals="49" methods="11" coveredmethods="11" elements="245" coveredelements="211" complexity="0" loc="180" ncloc="180" packages="1" files="2" classes="2"/>
    <file name="index.js" path="F:\SHIT\Durham\progBlack\summativeT1\index.js">
      <metrics statements="21" coveredstatements="21" conditionals="0" coveredconditionals="0" methods="0" coveredmethods="0"/>
      <line num="1" count="1" type="stmt"/>
      <line num="2" count="1" type="stmt"/>
      <line num="3" count="1" type="stmt"/>
      <line num="5" count="1" type="stmt"/>
      <line num="7" count="1" type="stmt"/>
      <line num="8" count="1" type="stmt"/>
      <line num="10" count="1" type="stmt"/>
      <line num="12" count="1" type="stmt"/>
      <line num="27" count="1" type="stmt"/>
      <line num="32" count="1" type="stmt"/>
      <line num="33" count="1" type="stmt"/>
      <line num="34" count="1" type="stmt"/>
      <line num="35" count="1" type="stmt"/>
      <line num="36" count="1" type="stmt"/>
      <line num="39" count="1" type="stmt"/>
      <line num="40" count="1" type="stmt"/>
      <line num="43" count="1" type="stmt"/>
      <line num="44" count="1" type="stmt"/>
      <line num="47" count="1" type="stmt"/>
      <line num="48" count="1" type="stmt"/>
      <line num="50" count="1" type="stmt"/>
    </file>
    <file name="serverFuncs.js" path="F:\SHIT\Durham\progBlack\summativeT1\serverFuncs.js">
      <metrics statements="159" coveredstatements="130" conditionals="54" coveredconditionals="49" methods="11" coveredmethods="11"/>
      <line num="1" count="1" type="stmt"/>
      <line num="3" count="1" type="stmt"/>
      <line num="6" count="2" type="stmt"/>
      <line num="7" count="2" type="stmt"/>
      <line num="8" count="2" type="stmt"/>
      <line num="9" count="2" type="stmt"/>
      <line num="26" count="1" type="stmt"/>
      <line num="28" count="1" type="stmt"/>
      <line num="29" count="1" type="stmt"/>
      <line num="30" count="1" type="stmt"/>
      <line num="32" count="1" type="stmt"/>
      <line num="34" count="1" type="stmt"/>
      <line num="49" count="0" type="stmt"/>
      <line num="50" count="0" type="stmt"/>
      <line num="54" count="1" type="stmt"/>
      <line num="55" count="1" type="stmt"/>
      <line num="63" count="1" type="stmt"/>
      <line num="65" count="1" type="stmt"/>
      <line num="66" count="1" type="stmt"/>
      <line num="68" count="1" type="stmt"/>
      <line num="69" count="4" type="cond" truecount="1" falsecount="1"/>
      <line num="70" count="0" type="stmt"/>
      <line num="71" count="0" type="stmt"/>
      <line num="73" count="0" type="stmt"/>
      <line num="77" count="1" type="stmt"/>
      <line num="79" count="1" type="stmt"/>
      <line num="80" count="1" type="stmt"/>
      <line num="84" count="0" type="stmt"/>
      <line num="85" count="0" type="stmt"/>
      <line num="93" count="5" type="stmt"/>
      <line num="94" count="5" type="cond" truecount="6" falsecount="0"/>
      <line num="95" count="2" type="stmt"/>
      <line num="96" count="2" type="stmt"/>
      <line num="100" count="2" type="stmt"/>
      <line num="103" count="3" type="stmt"/>
      <line num="104" count="3" type="stmt"/>
      <line num="106" count="3" type="stmt"/>
      <line num="107" count="3" type="stmt"/>
      <line num="109" count="3" type="stmt"/>
      <line num="110" count="60" type="cond" truecount="2" falsecount="0"/>
      <line num="111" count="2" type="stmt"/>
      <line num="112" count="2" type="stmt"/>
      <line num="113" count="2" type="stmt"/>
      <line num="117" count="3" type="cond" truecount="2" falsecount="0"/>
      <line num="118" count="2" type="stmt"/>
      <line num="119" count="2" type="stmt"/>
      <line num="125" count="1" type="stmt"/>
      <line num="126" count="1" type="stmt"/>
      <line num="133" count="0" type="stmt"/>
      <line num="134" count="0" type="stmt"/>
      <line num="144" count="3" type="stmt"/>
      <line num="145" count="3" type="stmt"/>
      <line num="146" count="3" type="stmt"/>
      <line num="148" count="1" type="stmt"/>
      <line num="149" count="1" type="stmt"/>
      <line num="153" count="1" type="stmt"/>
      <line num="155" count="2" type="stmt"/>
      <line num="156" count="2" type="cond" truecount="5" falsecount="1"/>
      <line num="157" count="0" type="stmt"/>
      <line num="158" count="0" type="stmt"/>
      <line num="162" count="0" type="stmt"/>
      <line num="164" count="2" type="stmt"/>
      <line num="165" count="2" type="stmt"/>
      <line num="166" count="2" type="stmt"/>
      <line num="168" count="2" type="stmt"/>
      <line num="171" count="2" type="stmt"/>
      <line num="172" count="40" type="stmt"/>
      <line num="173" count="40" type="stmt"/>
      <line num="174" count="80" type="cond" truecount="2" falsecount="0"/>
      <line num="175" count="16" type="stmt"/>
      <line num="178" count="40" type="cond" truecount="2" falsecount="0"/>
      <line num="179" count="1" type="stmt"/>
      <line num="180" count="1" type="stmt"/>
      <line num="184" count="2" type="cond" truecount="2" falsecount="0"/>
      <line num="185" count="1" type="stmt"/>
      <line num="186" count="1" type="stmt"/>
      <line num="193" count="1" type="stmt"/>
      <line num="200" count="0" type="stmt"/>
      <line num="201" count="0" type="stmt"/>
      <line num="209" count="1" type="stmt"/>
      <line num="211" count="1" type="stmt"/>
      <line num="212" count="1" type="stmt"/>
      <line num="213" count="1" type="stmt"/>
      <line num="215" count="1" type="stmt"/>
      <line num="224" count="1" type="stmt"/>
      <line num="225" count="1" type="stmt"/>
      <line num="226" count="1" type="stmt"/>
      <line num="231" count="0" type="stmt"/>
      <line num="232" count="0" type="stmt"/>
      <line num="240" count="1" type="stmt"/>
      <line num="241" count="1" type="stmt"/>
      <line num="242" count="1" type="stmt"/>
      <line num="243" count="1" type="stmt"/>
      <line num="248" count="0" type="stmt"/>
      <line num="249" count="0" type="stmt"/>
      <line num="284" count="2" type="stmt"/>
      <line num="285" count="2" type="stmt"/>
      <line num="286" count="1" type="stmt"/>
      <line num="288" count="1" type="stmt"/>
      <line num="289" count="1" type="stmt"/>
      <line num="293" count="1" type="stmt"/>
      <line num="295" count="1" type="stmt"/>
      <line num="296" count="1" type="cond" truecount="5" falsecount="1"/>
      <line num="297" count="0" type="stmt"/>
      <line num="298" count="0" type="stmt"/>
      <line num="302" count="0" type="stmt"/>
      <line num="304" count="1" type="stmt"/>
      <line num="306" count="1" type="cond" truecount="1" falsecount="1"/>
      <line num="307" count="0" type="stmt"/>
      <line num="308" count="0" type="stmt"/>
      <line num="315" count="1" type="stmt"/>
      <line num="322" count="0" type="stmt"/>
      <line num="323" count="0" type="stmt"/>
      <line num="331" count="2" type="stmt"/>
      <line num="332" count="2" type="cond" truecount="6" falsecount="0"/>
      <line num="333" count="1" type="stmt"/>
      <line num="334" count="1" type="stmt"/>
      <line num="338" count="1" type="stmt"/>
      <line num="341" count="1" type="stmt"/>
      <line num="343" count="1" type="cond" truecount="1" falsecount="1"/>
      <line num="369" count="1" type="stmt"/>
      <line num="370" count="1" type="stmt"/>
      <line num="376" count="0" type="stmt"/>
      <line num="377" count="0" type="stmt"/>
      <line num="385" count="3" type="stmt"/>
      <line num="386" count="3" type="cond" truecount="6" falsecount="0"/>
      <line num="387" count="1" type="stmt"/>
      <line num="388" count="1" type="stmt"/>
      <line num="392" count="1" type="stmt"/>
      <line num="394" count="2" type="stmt"/>
      <line num="395" count="2" type="stmt"/>
      <line num="397" count="2" type="stmt"/>
      <line num="399" count="2" type="stmt"/>
      <line num="400" count="40" type="cond" truecount="4" falsecount="0"/>
      <line num="401" count="1" type="stmt"/>
      <line num="402" count="1" type="stmt"/>
      <line num="406" count="2" type="cond" truecount="2" falsecount="0"/>
      <line num="407" count="1" type="stmt"/>
      <line num="408" count="1" type="stmt"/>
      <line num="411" count="1" type="stmt"/>
      <line num="414" count="1" type="stmt"/>
      <line num="415" count="1" type="stmt"/>
      <line num="417" count="1" type="stmt"/>
      <line num="418" count="1" type="stmt"/>
      <line num="422" count="0" type="stmt"/>
      <line num="423" count="0" type="stmt"/>
      <line num="431" count="1" type="stmt"/>
      <line num="432" count="1" type="stmt"/>
      <line num="433" count="1" type="stmt"/>
      <line num="435" count="1" type="stmt"/>
      <line num="437" count="1" type="stmt"/>
      <line num="438" count="20" type="cond" truecount="2" falsecount="0"/>
      <line num="439" count="1" type="stmt"/>
      <line num="440" count="1" type="stmt"/>
      <line num="444" count="1" type="stmt"/>
      <line num="446" count="1" type="stmt"/>
      <line num="448" count="1" type="stmt"/>
      <line num="449" count="1" type="stmt"/>
      <line num="464" count="1" type="stmt"/>
    </file>
  </project>
</coverage>
