<?xml version="1.0" encoding="UTF-8"?>
<coverage generated="1705543920776" clover="3.2.0">
  <project timestamp="1705543920776" name="All files">
    <metrics statements="144" coveredstatements="121" conditionals="22" coveredconditionals="19" methods="11" coveredmethods="11" elements="177" coveredelements="151" complexity="0" loc="144" ncloc="144" packages="1" files="2" classes="2"/>
    <file name="index.js" path="F:\SHIT\Durham\progBlack\summativeT1\index.js">
      <metrics statements="21" coveredstatements="21" conditionals="0" coveredconditionals="0" methods="0" coveredmethods="0"/>
      <line num="1" count="1" type="stmt"/>
      <line num="2" count="1" type="stmt"/>
      <line num="3" count="1" type="stmt"/>
      <line num="5" count="1" type="stmt"/>
      <line num="7" count="1" type="stmt"/>
      <line num="8" count="1" type="stmt"/>
      <line num="10" count="1" type="stmt"/>
      <line num="12" count="1" type="stmt"/>
      <line num="27" count="1" type="stmt"/>
      <line num="30" count="1" type="stmt"/>
      <line num="31" count="1" type="stmt"/>
      <line num="32" count="1" type="stmt"/>
      <line num="33" count="1" type="stmt"/>
      <line num="34" count="1" type="stmt"/>
      <line num="35" count="1" type="stmt"/>
      <line num="36" count="1" type="stmt"/>
      <line num="37" count="1" type="stmt"/>
      <line num="38" count="1" type="stmt"/>
      <line num="42" count="1" type="stmt"/>
      <line num="47" count="1" type="stmt"/>
      <line num="49" count="1" type="stmt"/>
    </file>
    <file name="serverFuncs.js" path="F:\SHIT\Durham\progBlack\summativeT1\serverFuncs.js">
      <metrics statements="123" coveredstatements="100" conditionals="22" coveredconditionals="19" methods="11" coveredmethods="11"/>
      <line num="1" count="1" type="stmt"/>
      <line num="3" count="1" type="stmt"/>
      <line num="6" count="2" type="stmt"/>
      <line num="7" count="2" type="stmt"/>
      <line num="8" count="2" type="stmt"/>
      <line num="9" count="2" type="stmt"/>
      <line num="26" count="1" type="stmt"/>
      <line num="28" count="1" type="stmt"/>
      <line num="29" count="1" type="stmt"/>
      <line num="30" count="1" type="stmt"/>
      <line num="32" count="1" type="stmt"/>
      <line num="34" count="1" type="stmt"/>
      <line num="49" count="0" type="stmt"/>
      <line num="50" count="0" type="stmt"/>
      <line num="54" count="1" type="stmt"/>
      <line num="55" count="1" type="stmt"/>
      <line num="63" count="1" type="stmt"/>
      <line num="65" count="1" type="stmt"/>
      <line num="66" count="1" type="stmt"/>
      <line num="68" count="1" type="stmt"/>
      <line num="69" count="1" type="cond" truecount="1" falsecount="1"/>
      <line num="70" count="0" type="stmt"/>
      <line num="71" count="0" type="stmt"/>
      <line num="73" count="0" type="stmt"/>
      <line num="77" count="1" type="stmt"/>
      <line num="79" count="1" type="stmt"/>
      <line num="80" count="1" type="stmt"/>
      <line num="84" count="0" type="stmt"/>
      <line num="85" count="0" type="stmt"/>
      <line num="93" count="3" type="stmt"/>
      <line num="94" count="3" type="stmt"/>
      <line num="95" count="3" type="stmt"/>
      <line num="96" count="3" type="stmt"/>
      <line num="98" count="3" type="stmt"/>
      <line num="100" count="3" type="stmt"/>
      <line num="101" count="60" type="cond" truecount="2" falsecount="0"/>
      <line num="102" count="2" type="stmt"/>
      <line num="103" count="2" type="stmt"/>
      <line num="104" count="2" type="stmt"/>
      <line num="108" count="3" type="cond" truecount="2" falsecount="0"/>
      <line num="109" count="2" type="stmt"/>
      <line num="110" count="2" type="stmt"/>
      <line num="116" count="1" type="stmt"/>
      <line num="117" count="1" type="stmt"/>
      <line num="124" count="0" type="stmt"/>
      <line num="125" count="0" type="stmt"/>
      <line num="133" count="2" type="stmt"/>
      <line num="134" count="2" type="stmt"/>
      <line num="135" count="2" type="stmt"/>
      <line num="136" count="2" type="stmt"/>
      <line num="138" count="2" type="stmt"/>
      <line num="141" count="2" type="stmt"/>
      <line num="142" count="40" type="stmt"/>
      <line num="143" count="40" type="stmt"/>
      <line num="144" count="80" type="cond" truecount="2" falsecount="0"/>
      <line num="145" count="15" type="stmt"/>
      <line num="148" count="40" type="cond" truecount="2" falsecount="0"/>
      <line num="149" count="1" type="stmt"/>
      <line num="150" count="1" type="stmt"/>
      <line num="154" count="2" type="cond" truecount="2" falsecount="0"/>
      <line num="155" count="1" type="stmt"/>
      <line num="156" count="1" type="stmt"/>
      <line num="163" count="1" type="stmt"/>
      <line num="170" count="0" type="stmt"/>
      <line num="171" count="0" type="stmt"/>
      <line num="179" count="1" type="stmt"/>
      <line num="181" count="1" type="stmt"/>
      <line num="182" count="1" type="stmt"/>
      <line num="183" count="1" type="stmt"/>
      <line num="185" count="1" type="stmt"/>
      <line num="194" count="1" type="stmt"/>
      <line num="195" count="1" type="stmt"/>
      <line num="196" count="1" type="stmt"/>
      <line num="201" count="0" type="stmt"/>
      <line num="202" count="0" type="stmt"/>
      <line num="210" count="1" type="stmt"/>
      <line num="211" count="1" type="stmt"/>
      <line num="212" count="1" type="stmt"/>
      <line num="213" count="1" type="stmt"/>
      <line num="218" count="0" type="stmt"/>
      <line num="219" count="0" type="stmt"/>
      <line num="252" count="1" type="stmt"/>
      <line num="253" count="1" type="stmt"/>
      <line num="255" count="1" type="cond" truecount="1" falsecount="1"/>
      <line num="256" count="0" type="stmt"/>
      <line num="257" count="0" type="stmt"/>
      <line num="264" count="1" type="stmt"/>
      <line num="271" count="0" type="stmt"/>
      <line num="272" count="0" type="stmt"/>
      <line num="280" count="1" type="stmt"/>
      <line num="282" count="1" type="stmt"/>
      <line num="284" count="1" type="cond" truecount="1" falsecount="1"/>
      <line num="312" count="1" type="stmt"/>
      <line num="313" count="1" type="stmt"/>
      <line num="319" count="0" type="stmt"/>
      <line num="320" count="0" type="stmt"/>
      <line num="328" count="1" type="stmt"/>
      <line num="329" count="1" type="stmt"/>
      <line num="330" count="1" type="stmt"/>
      <line num="332" count="1" type="stmt"/>
      <line num="333" count="1" type="stmt"/>
      <line num="334" count="20" type="cond" truecount="4" falsecount="0"/>
      <line num="335" count="1" type="stmt"/>
      <line num="336" count="1" type="stmt"/>
      <line num="340" count="1" type="stmt"/>
      <line num="341" count="1" type="stmt"/>
      <line num="343" count="1" type="stmt"/>
      <line num="344" count="1" type="stmt"/>
      <line num="348" count="0" type="stmt"/>
      <line num="349" count="0" type="stmt"/>
      <line num="357" count="1" type="stmt"/>
      <line num="358" count="1" type="stmt"/>
      <line num="359" count="1" type="stmt"/>
      <line num="361" count="1" type="stmt"/>
      <line num="363" count="1" type="stmt"/>
      <line num="364" count="20" type="cond" truecount="2" falsecount="0"/>
      <line num="365" count="1" type="stmt"/>
      <line num="366" count="1" type="stmt"/>
      <line num="370" count="1" type="stmt"/>
      <line num="372" count="1" type="stmt"/>
      <line num="374" count="1" type="stmt"/>
      <line num="375" count="1" type="stmt"/>
      <line num="390" count="1" type="stmt"/>
    </file>
  </project>
</coverage>
