{"F:\\SHIT\\Durham\\progBlack\\summativeT1\\index.js": {"path":"F:\\SHIT\\Durham\\progBlack\\summativeT1\\index.js","statementMap":{"0":{"start":{"line":1,"column":16},"end":{"line":1,"column":34}},"1":{"start":{"line":2,"column":20},"end":{"line":2,"column":47}},"2":{"start":{"line":3,"column":23},"end":{"line":3,"column":38}},"3":{"start":{"line":5,"column":12},"end":{"line":5,"column":21}},"4":{"start":{"line":7,"column":0},"end":{"line":7,"column":33}},"5":{"start":{"line":8,"column":0},"end":{"line":8,"column":23}},"6":{"start":{"line":10,"column":15},"end":{"line":10,"column":32}},"7":{"start":{"line":12,"column":13},"end":{"line":12,"column":28}},"8":{"start":{"line":27,"column":15},"end":{"line":27,"column":34}},"9":{"start":{"line":30,"column":0},"end":{"line":30,"column":70}},"10":{"start":{"line":31,"column":0},"end":{"line":31,"column":43}},"11":{"start":{"line":32,"column":0},"end":{"line":32,"column":53}},"12":{"start":{"line":33,"column":0},"end":{"line":33,"column":55}},"13":{"start":{"line":34,"column":0},"end":{"line":34,"column":47}},"14":{"start":{"line":35,"column":0},"end":{"line":35,"column":39}},"15":{"start":{"line":36,"column":0},"end":{"line":36,"column":33}},"16":{"start":{"line":37,"column":0},"end":{"line":37,"column":55}},"17":{"start":{"line":38,"column":0},"end":{"line":38,"column":44}},"18":{"start":{"line":42,"column":0},"end":{"line":42,"column":44}},"19":{"start":{"line":47,"column":0},"end":{"line":47,"column":43}},"20":{"start":{"line":49,"column":0},"end":{"line":49,"column":20}}},"fnMap":{},"branchMap":{},"s":{"0":1,"1":1,"2":1,"3":1,"4":1,"5":1,"6":1,"7":1,"8":1,"9":1,"10":1,"11":1,"12":1,"13":1,"14":1,"15":1,"16":1,"17":1,"18":1,"19":1,"20":1},"f":{},"b":{},"_coverageSchema":"1a1c01bbd47fc00a2c39e90264f33305004495a9","hash":"69b7861ec56941bfe14e2083e8716995790f18f4"}
,"F:\\SHIT\\Durham\\progBlack\\summativeT1\\serverFuncs.js": {"path":"F:\\SHIT\\Durham\\progBlack\\summativeT1\\serverFuncs.js","statementMap":{"0":{"start":{"line":1,"column":11},"end":{"line":1,"column":24}},"1":{"start":{"line":3,"column":23},"end":{"line":3,"column":38}},"2":{"start":{"line":6,"column":2},"end":{"line":22,"column":3}},"3":{"start":{"line":7,"column":19},"end":{"line":7,"column":27}},"4":{"start":{"line":8,"column":4},"end":{"line":8,"column":25}},"5":{"start":{"line":9,"column":4},"end":{"line":12,"column":6}},"6":{"start":{"line":26,"column":2},"end":{"line":59,"column":3}},"7":{"start":{"line":28,"column":21},"end":{"line":28,"column":62}},"8":{"start":{"line":29,"column":22},"end":{"line":29,"column":42}},"9":{"start":{"line":30,"column":19},"end":{"line":30,"column":27}},"10":{"start":{"line":32,"column":18},"end":{"line":32,"column":28}},"11":{"start":{"line":34,"column":4},"end":{"line":45,"column":6}},"12":{"start":{"line":49,"column":4},"end":{"line":49,"column":25}},"13":{"start":{"line":50,"column":4},"end":{"line":52,"column":6}},"14":{"start":{"line":54,"column":4},"end":{"line":54,"column":25}},"15":{"start":{"line":55,"column":4},"end":{"line":58,"column":6}},"16":{"start":{"line":63,"column":2},"end":{"line":89,"column":3}},"17":{"start":{"line":65,"column":21},"end":{"line":65,"column":62}},"18":{"start":{"line":66,"column":22},"end":{"line":66,"column":42}},"19":{"start":{"line":68,"column":4},"end":{"line":75,"column":5}},"20":{"start":{"line":68,"column":17},"end":{"line":68,"column":18}},"21":{"start":{"line":69,"column":6},"end":{"line":74,"column":7}},"22":{"start":{"line":70,"column":8},"end":{"line":72,"column":9}},"23":{"start":{"line":70,"column":21},"end":{"line":70,"column":22}},"24":{"start":{"line":71,"column":10},"end":{"line":71,"column":71}},"25":{"start":{"line":73,"column":8},"end":{"line":73,"column":13}},"26":{"start":{"line":77,"column":4},"end":{"line":77,"column":72}},"27":{"start":{"line":79,"column":4},"end":{"line":79,"column":25}},"28":{"start":{"line":80,"column":4},"end":{"line":82,"column":6}},"29":{"start":{"line":84,"column":4},"end":{"line":84,"column":25}},"30":{"start":{"line":85,"column":4},"end":{"line":88,"column":6}},"31":{"start":{"line":93,"column":2},"end":{"line":129,"column":3}},"32":{"start":{"line":94,"column":21},"end":{"line":94,"column":26}},"33":{"start":{"line":95,"column":21},"end":{"line":95,"column":62}},"34":{"start":{"line":96,"column":22},"end":{"line":96,"column":42}},"35":{"start":{"line":98,"column":20},"end":{"line":98,"column":22}},"36":{"start":{"line":100,"column":4},"end":{"line":106,"column":5}},"37":{"start":{"line":100,"column":17},"end":{"line":100,"column":18}},"38":{"start":{"line":101,"column":6},"end":{"line":105,"column":7}},"39":{"start":{"line":102,"column":8},"end":{"line":102,"column":25}},"40":{"start":{"line":103,"column":8},"end":{"line":103,"column":21}},"41":{"start":{"line":104,"column":8},"end":{"line":104,"column":13}},"42":{"start":{"line":108,"column":4},"end":{"line":122,"column":5}},"43":{"start":{"line":109,"column":6},"end":{"line":109,"column":27}},"44":{"start":{"line":110,"column":6},"end":{"line":114,"column":8}},"45":{"start":{"line":116,"column":6},"end":{"line":116,"column":27}},"46":{"start":{"line":117,"column":6},"end":{"line":121,"column":8}},"47":{"start":{"line":124,"column":4},"end":{"line":124,"column":25}},"48":{"start":{"line":125,"column":4},"end":{"line":128,"column":6}},"49":{"start":{"line":133,"column":2},"end":{"line":175,"column":3}},"50":{"start":{"line":134,"column":21},"end":{"line":134,"column":26}},"51":{"start":{"line":135,"column":21},"end":{"line":135,"column":62}},"52":{"start":{"line":136,"column":22},"end":{"line":136,"column":42}},"53":{"start":{"line":138,"column":20},"end":{"line":138,"column":22}},"54":{"start":{"line":141,"column":4},"end":{"line":152,"column":5}},"55":{"start":{"line":141,"column":17},"end":{"line":141,"column":18}},"56":{"start":{"line":142,"column":6},"end":{"line":142,"column":17}},"57":{"start":{"line":143,"column":6},"end":{"line":147,"column":7}},"58":{"start":{"line":143,"column":19},"end":{"line":143,"column":20}},"59":{"start":{"line":144,"column":8},"end":{"line":146,"column":9}},"60":{"start":{"line":145,"column":10},"end":{"line":145,"column":19}},"61":{"start":{"line":148,"column":6},"end":{"line":151,"column":7}},"62":{"start":{"line":149,"column":8},"end":{"line":149,"column":21}},"63":{"start":{"line":150,"column":8},"end":{"line":150,"column":25}},"64":{"start":{"line":154,"column":4},"end":{"line":168,"column":5}},"65":{"start":{"line":155,"column":6},"end":{"line":155,"column":27}},"66":{"start":{"line":156,"column":6},"end":{"line":160,"column":8}},"67":{"start":{"line":163,"column":6},"end":{"line":167,"column":8}},"68":{"start":{"line":170,"column":4},"end":{"line":170,"column":25}},"69":{"start":{"line":171,"column":4},"end":{"line":174,"column":6}},"70":{"start":{"line":179,"column":2},"end":{"line":206,"column":3}},"71":{"start":{"line":181,"column":21},"end":{"line":181,"column":62}},"72":{"start":{"line":182,"column":22},"end":{"line":182,"column":42}},"73":{"start":{"line":183,"column":19},"end":{"line":183,"column":27}},"74":{"start":{"line":185,"column":4},"end":{"line":192,"column":6}},"75":{"start":{"line":194,"column":4},"end":{"line":194,"column":72}},"76":{"start":{"line":195,"column":4},"end":{"line":195,"column":25}},"77":{"start":{"line":196,"column":4},"end":{"line":199,"column":6}},"78":{"start":{"line":201,"column":4},"end":{"line":201,"column":25}},"79":{"start":{"line":202,"column":4},"end":{"line":205,"column":6}},"80":{"start":{"line":210,"column":2},"end":{"line":223,"column":3}},"81":{"start":{"line":211,"column":22},"end":{"line":211,"column":75}},"82":{"start":{"line":212,"column":4},"end":{"line":212,"column":25}},"83":{"start":{"line":213,"column":4},"end":{"line":216,"column":6}},"84":{"start":{"line":218,"column":4},"end":{"line":218,"column":25}},"85":{"start":{"line":219,"column":4},"end":{"line":222,"column":6}},"86":{"start":{"line":252,"column":2},"end":{"line":276,"column":3}},"87":{"start":{"line":253,"column":21},"end":{"line":253,"column":34}},"88":{"start":{"line":255,"column":4},"end":{"line":269,"column":5}},"89":{"start":{"line":256,"column":6},"end":{"line":256,"column":27}},"90":{"start":{"line":257,"column":6},"end":{"line":261,"column":8}},"91":{"start":{"line":264,"column":6},"end":{"line":268,"column":8}},"92":{"start":{"line":271,"column":4},"end":{"line":271,"column":25}},"93":{"start":{"line":272,"column":4},"end":{"line":275,"column":6}},"94":{"start":{"line":280,"column":2},"end":{"line":324,"column":3}},"95":{"start":{"line":282,"column":22},"end":{"line":282,"column":91}},"96":{"start":{"line":284,"column":4},"end":{"line":317,"column":5}},"97":{"start":{"line":312,"column":6},"end":{"line":312,"column":27}},"98":{"start":{"line":313,"column":6},"end":{"line":316,"column":8}},"99":{"start":{"line":319,"column":4},"end":{"line":319,"column":25}},"100":{"start":{"line":320,"column":4},"end":{"line":323,"column":6}},"101":{"start":{"line":328,"column":2},"end":{"line":353,"column":3}},"102":{"start":{"line":329,"column":21},"end":{"line":329,"column":62}},"103":{"start":{"line":330,"column":22},"end":{"line":330,"column":42}},"104":{"start":{"line":332,"column":20},"end":{"line":332,"column":22}},"105":{"start":{"line":333,"column":4},"end":{"line":338,"column":5}},"106":{"start":{"line":333,"column":17},"end":{"line":333,"column":18}},"107":{"start":{"line":334,"column":6},"end":{"line":337,"column":7}},"108":{"start":{"line":335,"column":8},"end":{"line":335,"column":21}},"109":{"start":{"line":336,"column":8},"end":{"line":336,"column":13}},"110":{"start":{"line":340,"column":4},"end":{"line":340,"column":39}},"111":{"start":{"line":341,"column":4},"end":{"line":341,"column":72}},"112":{"start":{"line":343,"column":4},"end":{"line":343,"column":25}},"113":{"start":{"line":344,"column":4},"end":{"line":346,"column":6}},"114":{"start":{"line":348,"column":4},"end":{"line":348,"column":25}},"115":{"start":{"line":349,"column":4},"end":{"line":352,"column":6}},"116":{"start":{"line":357,"column":2},"end":{"line":387,"column":3}},"117":{"start":{"line":358,"column":21},"end":{"line":358,"column":62}},"118":{"start":{"line":359,"column":22},"end":{"line":359,"column":42}},"119":{"start":{"line":361,"column":20},"end":{"line":361,"column":22}},"120":{"start":{"line":363,"column":4},"end":{"line":368,"column":5}},"121":{"start":{"line":363,"column":17},"end":{"line":363,"column":18}},"122":{"start":{"line":364,"column":6},"end":{"line":367,"column":7}},"123":{"start":{"line":365,"column":8},"end":{"line":365,"column":21}},"124":{"start":{"line":366,"column":8},"end":{"line":366,"column":13}},"125":{"start":{"line":370,"column":4},"end":{"line":370,"column":51}},"126":{"start":{"line":372,"column":4},"end":{"line":372,"column":72}},"127":{"start":{"line":374,"column":4},"end":{"line":374,"column":25}},"128":{"start":{"line":375,"column":4},"end":{"line":377,"column":6}},"129":{"start":{"line":390,"column":0},"end":{"line":390,"column":151}}},"fnMap":{"0":{"name":"getid","decl":{"start":{"line":5,"column":9},"end":{"line":5,"column":14}},"loc":{"start":{"line":5,"column":27},"end":{"line":23,"column":1}},"line":5},"1":{"name":"createPost","decl":{"start":{"line":25,"column":9},"end":{"line":25,"column":19}},"loc":{"start":{"line":25,"column":32},"end":{"line":60,"column":1}},"line":25},"2":{"name":"editPost","decl":{"start":{"line":62,"column":9},"end":{"line":62,"column":17}},"loc":{"start":{"line":62,"column":30},"end":{"line":90,"column":1}},"line":62},"3":{"name":"findUserByKey","decl":{"start":{"line":92,"column":9},"end":{"line":92,"column":22}},"loc":{"start":{"line":92,"column":35},"end":{"line":130,"column":1}},"line":92},"4":{"name":"findUserByKeys","decl":{"start":{"line":132,"column":9},"end":{"line":132,"column":23}},"loc":{"start":{"line":132,"column":36},"end":{"line":176,"column":1}},"line":132},"5":{"name":"createUser","decl":{"start":{"line":178,"column":9},"end":{"line":178,"column":19}},"loc":{"start":{"line":178,"column":32},"end":{"line":207,"column":1}},"line":178},"6":{"name":"getPosts","decl":{"start":{"line":209,"column":9},"end":{"line":209,"column":17}},"loc":{"start":{"line":209,"column":30},"end":{"line":224,"column":1}},"line":209},"7":{"name":"findPostByKeys","decl":{"start":{"line":251,"column":9},"end":{"line":251,"column":23}},"loc":{"start":{"line":251,"column":36},"end":{"line":277,"column":1}},"line":251},"8":{"name":"deletePost","decl":{"start":{"line":279,"column":9},"end":{"line":279,"column":19}},"loc":{"start":{"line":279,"column":32},"end":{"line":325,"column":1}},"line":279},"9":{"name":"deleteUser","decl":{"start":{"line":327,"column":9},"end":{"line":327,"column":19}},"loc":{"start":{"line":327,"column":32},"end":{"line":354,"column":1}},"line":327},"10":{"name":"editUser","decl":{"start":{"line":356,"column":9},"end":{"line":356,"column":17}},"loc":{"start":{"line":356,"column":30},"end":{"line":388,"column":1}},"line":356}},"branchMap":{"0":{"loc":{"start":{"line":69,"column":6},"end":{"line":74,"column":7}},"type":"if","locations":[{"start":{"line":69,"column":6},"end":{"line":74,"column":7}},{"start":{},"end":{}}],"line":69},"1":{"loc":{"start":{"line":101,"column":6},"end":{"line":105,"column":7}},"type":"if","locations":[{"start":{"line":101,"column":6},"end":{"line":105,"column":7}},{"start":{},"end":{}}],"line":101},"2":{"loc":{"start":{"line":108,"column":4},"end":{"line":122,"column":5}},"type":"if","locations":[{"start":{"line":108,"column":4},"end":{"line":122,"column":5}},{"start":{"line":115,"column":11},"end":{"line":122,"column":5}}],"line":108},"3":{"loc":{"start":{"line":144,"column":8},"end":{"line":146,"column":9}},"type":"if","locations":[{"start":{"line":144,"column":8},"end":{"line":146,"column":9}},{"start":{},"end":{}}],"line":144},"4":{"loc":{"start":{"line":148,"column":6},"end":{"line":151,"column":7}},"type":"if","locations":[{"start":{"line":148,"column":6},"end":{"line":151,"column":7}},{"start":{},"end":{}}],"line":148},"5":{"loc":{"start":{"line":154,"column":4},"end":{"line":168,"column":5}},"type":"if","locations":[{"start":{"line":154,"column":4},"end":{"line":168,"column":5}},{"start":{"line":161,"column":11},"end":{"line":168,"column":5}}],"line":154},"6":{"loc":{"start":{"line":255,"column":4},"end":{"line":269,"column":5}},"type":"if","locations":[{"start":{"line":255,"column":4},"end":{"line":269,"column":5}},{"start":{"line":262,"column":11},"end":{"line":269,"column":5}}],"line":255},"7":{"loc":{"start":{"line":284,"column":4},"end":{"line":317,"column":5}},"type":"if","locations":[{"start":{"line":284,"column":4},"end":{"line":317,"column":5}},{"start":{"line":311,"column":11},"end":{"line":317,"column":5}}],"line":284},"8":{"loc":{"start":{"line":334,"column":6},"end":{"line":337,"column":7}},"type":"if","locations":[{"start":{"line":334,"column":6},"end":{"line":337,"column":7}},{"start":{},"end":{}}],"line":334},"9":{"loc":{"start":{"line":334,"column":10},"end":{"line":334,"column":94}},"type":"binary-expr","locations":[{"start":{"line":334,"column":10},"end":{"line":334,"column":53}},{"start":{"line":334,"column":57},"end":{"line":334,"column":94}}],"line":334},"10":{"loc":{"start":{"line":364,"column":6},"end":{"line":367,"column":7}},"type":"if","locations":[{"start":{"line":364,"column":6},"end":{"line":367,"column":7}},{"start":{},"end":{}}],"line":364}},"s":{"0":1,"1":1,"2":2,"3":2,"4":2,"5":2,"6":1,"7":1,"8":1,"9":1,"10":1,"11":1,"12":0,"13":0,"14":1,"15":1,"16":1,"17":1,"18":1,"19":1,"20":1,"21":1,"22":0,"23":0,"24":0,"25":0,"26":1,"27":1,"28":1,"29":0,"30":0,"31":3,"32":3,"33":3,"34":3,"35":3,"36":3,"37":3,"38":60,"39":2,"40":2,"41":2,"42":3,"43":2,"44":2,"45":1,"46":1,"47":0,"48":0,"49":2,"50":2,"51":2,"52":2,"53":2,"54":2,"55":2,"56":40,"57":40,"58":40,"59":80,"60":15,"61":40,"62":1,"63":1,"64":2,"65":1,"66":1,"67":1,"68":0,"69":0,"70":1,"71":1,"72":1,"73":1,"74":1,"75":1,"76":1,"77":1,"78":0,"79":0,"80":1,"81":1,"82":1,"83":1,"84":0,"85":0,"86":1,"87":1,"88":1,"89":0,"90":0,"91":1,"92":0,"93":0,"94":1,"95":1,"96":1,"97":1,"98":1,"99":0,"100":0,"101":1,"102":1,"103":1,"104":1,"105":1,"106":1,"107":20,"108":1,"109":1,"110":1,"111":1,"112":1,"113":1,"114":0,"115":0,"116":1,"117":1,"118":1,"119":1,"120":1,"121":1,"122":20,"123":1,"124":1,"125":1,"126":1,"127":1,"128":1,"129":1},"f":{"0":2,"1":1,"2":1,"3":3,"4":2,"5":1,"6":1,"7":1,"8":1,"9":1,"10":1},"b":{"0":[0,1],"1":[2,58],"2":[2,1],"3":[15,65],"4":[1,39],"5":[1,1],"6":[0,1],"7":[0,1],"8":[1,19],"9":[20,1],"10":[1,19]},"_coverageSchema":"1a1c01bbd47fc00a2c39e90264f33305004495a9","hash":"1a1a126500287388e57956d37c624de64141b412"}
}
