{"F:\\SHIT\\Durham\\progBlack\\summativeT1\\index.js": {"path":"F:\\SHIT\\Durham\\progBlack\\summativeT1\\index.js","statementMap":{"0":{"start":{"line":1,"column":16},"end":{"line":1,"column":34}},"1":{"start":{"line":2,"column":20},"end":{"line":2,"column":47}},"2":{"start":{"line":3,"column":23},"end":{"line":3,"column":38}},"3":{"start":{"line":5,"column":12},"end":{"line":5,"column":21}},"4":{"start":{"line":7,"column":0},"end":{"line":7,"column":33}},"5":{"start":{"line":8,"column":0},"end":{"line":8,"column":23}},"6":{"start":{"line":10,"column":15},"end":{"line":10,"column":32}},"7":{"start":{"line":12,"column":13},"end":{"line":12,"column":28}},"8":{"start":{"line":27,"column":15},"end":{"line":27,"column":34}},"9":{"start":{"line":32,"column":0},"end":{"line":32,"column":39}},"10":{"start":{"line":33,"column":0},"end":{"line":33,"column":33}},"11":{"start":{"line":34,"column":0},"end":{"line":34,"column":53}},"12":{"start":{"line":35,"column":0},"end":{"line":35,"column":55}},"13":{"start":{"line":36,"column":0},"end":{"line":36,"column":55}},"14":{"start":{"line":39,"column":0},"end":{"line":39,"column":65}},"15":{"start":{"line":40,"column":0},"end":{"line":40,"column":42}},"16":{"start":{"line":43,"column":0},"end":{"line":43,"column":45}},"17":{"start":{"line":44,"column":0},"end":{"line":44,"column":45}},"18":{"start":{"line":47,"column":0},"end":{"line":47,"column":39}},"19":{"start":{"line":48,"column":0},"end":{"line":48,"column":39}},"20":{"start":{"line":50,"column":0},"end":{"line":50,"column":20}}},"fnMap":{},"branchMap":{},"s":{"0":1,"1":1,"2":1,"3":1,"4":1,"5":1,"6":1,"7":1,"8":1,"9":1,"10":1,"11":1,"12":1,"13":1,"14":1,"15":1,"16":1,"17":1,"18":1,"19":1,"20":1},"f":{},"b":{},"_coverageSchema":"1a1c01bbd47fc00a2c39e90264f33305004495a9","hash":"3a6d7fa838c8c7b1f4028fc1d68fe5af1b18e194"}
,"F:\\SHIT\\Durham\\progBlack\\summativeT1\\serverFuncs.js": {"path":"F:\\SHIT\\Durham\\progBlack\\summativeT1\\serverFuncs.js","statementMap":{"0":{"start":{"line":1,"column":11},"end":{"line":1,"column":24}},"1":{"start":{"line":3,"column":23},"end":{"line":3,"column":38}},"2":{"start":{"line":6,"column":2},"end":{"line":22,"column":3}},"3":{"start":{"line":7,"column":19},"end":{"line":7,"column":27}},"4":{"start":{"line":8,"column":4},"end":{"line":8,"column":25}},"5":{"start":{"line":9,"column":4},"end":{"line":12,"column":6}},"6":{"start":{"line":26,"column":2},"end":{"line":59,"column":3}},"7":{"start":{"line":28,"column":21},"end":{"line":28,"column":62}},"8":{"start":{"line":29,"column":22},"end":{"line":29,"column":42}},"9":{"start":{"line":30,"column":19},"end":{"line":30,"column":27}},"10":{"start":{"line":32,"column":18},"end":{"line":32,"column":28}},"11":{"start":{"line":34,"column":4},"end":{"line":45,"column":6}},"12":{"start":{"line":49,"column":4},"end":{"line":49,"column":25}},"13":{"start":{"line":50,"column":4},"end":{"line":52,"column":6}},"14":{"start":{"line":54,"column":4},"end":{"line":54,"column":25}},"15":{"start":{"line":55,"column":4},"end":{"line":58,"column":6}},"16":{"start":{"line":63,"column":2},"end":{"line":89,"column":3}},"17":{"start":{"line":65,"column":21},"end":{"line":65,"column":62}},"18":{"start":{"line":66,"column":22},"end":{"line":66,"column":42}},"19":{"start":{"line":68,"column":4},"end":{"line":75,"column":5}},"20":{"start":{"line":68,"column":17},"end":{"line":68,"column":18}},"21":{"start":{"line":69,"column":6},"end":{"line":74,"column":7}},"22":{"start":{"line":70,"column":8},"end":{"line":72,"column":9}},"23":{"start":{"line":70,"column":21},"end":{"line":70,"column":22}},"24":{"start":{"line":71,"column":10},"end":{"line":71,"column":71}},"25":{"start":{"line":73,"column":8},"end":{"line":73,"column":13}},"26":{"start":{"line":77,"column":4},"end":{"line":77,"column":72}},"27":{"start":{"line":79,"column":4},"end":{"line":79,"column":25}},"28":{"start":{"line":80,"column":4},"end":{"line":82,"column":6}},"29":{"start":{"line":84,"column":4},"end":{"line":84,"column":25}},"30":{"start":{"line":85,"column":4},"end":{"line":88,"column":6}},"31":{"start":{"line":93,"column":2},"end":{"line":138,"column":3}},"32":{"start":{"line":94,"column":4},"end":{"line":101,"column":5}},"33":{"start":{"line":95,"column":6},"end":{"line":95,"column":27}},"34":{"start":{"line":96,"column":6},"end":{"line":99,"column":8}},"35":{"start":{"line":100,"column":6},"end":{"line":100,"column":12}},"36":{"start":{"line":103,"column":21},"end":{"line":103,"column":26}},"37":{"start":{"line":104,"column":21},"end":{"line":104,"column":62}},"38":{"start":{"line":106,"column":22},"end":{"line":106,"column":42}},"39":{"start":{"line":107,"column":20},"end":{"line":107,"column":22}},"40":{"start":{"line":109,"column":4},"end":{"line":115,"column":5}},"41":{"start":{"line":109,"column":17},"end":{"line":109,"column":18}},"42":{"start":{"line":110,"column":6},"end":{"line":114,"column":7}},"43":{"start":{"line":111,"column":8},"end":{"line":111,"column":25}},"44":{"start":{"line":112,"column":8},"end":{"line":112,"column":21}},"45":{"start":{"line":113,"column":8},"end":{"line":113,"column":13}},"46":{"start":{"line":117,"column":4},"end":{"line":131,"column":5}},"47":{"start":{"line":118,"column":6},"end":{"line":118,"column":27}},"48":{"start":{"line":119,"column":6},"end":{"line":123,"column":8}},"49":{"start":{"line":125,"column":6},"end":{"line":125,"column":27}},"50":{"start":{"line":126,"column":6},"end":{"line":130,"column":8}},"51":{"start":{"line":133,"column":4},"end":{"line":133,"column":25}},"52":{"start":{"line":134,"column":4},"end":{"line":137,"column":6}},"53":{"start":{"line":144,"column":2},"end":{"line":154,"column":3}},"54":{"start":{"line":145,"column":4},"end":{"line":145,"column":44}},"55":{"start":{"line":146,"column":4},"end":{"line":146,"column":42}},"56":{"start":{"line":148,"column":4},"end":{"line":148,"column":25}},"57":{"start":{"line":149,"column":4},"end":{"line":152,"column":6}},"58":{"start":{"line":153,"column":4},"end":{"line":153,"column":10}},"59":{"start":{"line":155,"column":2},"end":{"line":205,"column":3}},"60":{"start":{"line":156,"column":4},"end":{"line":163,"column":5}},"61":{"start":{"line":157,"column":6},"end":{"line":157,"column":27}},"62":{"start":{"line":158,"column":6},"end":{"line":161,"column":8}},"63":{"start":{"line":162,"column":6},"end":{"line":162,"column":12}},"64":{"start":{"line":164,"column":21},"end":{"line":164,"column":26}},"65":{"start":{"line":165,"column":21},"end":{"line":165,"column":62}},"66":{"start":{"line":166,"column":22},"end":{"line":166,"column":42}},"67":{"start":{"line":168,"column":20},"end":{"line":168,"column":22}},"68":{"start":{"line":171,"column":4},"end":{"line":182,"column":5}},"69":{"start":{"line":171,"column":17},"end":{"line":171,"column":18}},"70":{"start":{"line":172,"column":6},"end":{"line":172,"column":17}},"71":{"start":{"line":173,"column":6},"end":{"line":177,"column":7}},"72":{"start":{"line":173,"column":19},"end":{"line":173,"column":20}},"73":{"start":{"line":174,"column":8},"end":{"line":176,"column":9}},"74":{"start":{"line":175,"column":10},"end":{"line":175,"column":19}},"75":{"start":{"line":178,"column":6},"end":{"line":181,"column":7}},"76":{"start":{"line":179,"column":8},"end":{"line":179,"column":21}},"77":{"start":{"line":180,"column":8},"end":{"line":180,"column":25}},"78":{"start":{"line":184,"column":4},"end":{"line":198,"column":5}},"79":{"start":{"line":185,"column":6},"end":{"line":185,"column":27}},"80":{"start":{"line":186,"column":6},"end":{"line":190,"column":8}},"81":{"start":{"line":193,"column":6},"end":{"line":197,"column":8}},"82":{"start":{"line":200,"column":4},"end":{"line":200,"column":25}},"83":{"start":{"line":201,"column":4},"end":{"line":204,"column":6}},"84":{"start":{"line":209,"column":2},"end":{"line":236,"column":3}},"85":{"start":{"line":211,"column":21},"end":{"line":211,"column":62}},"86":{"start":{"line":212,"column":22},"end":{"line":212,"column":42}},"87":{"start":{"line":213,"column":19},"end":{"line":213,"column":27}},"88":{"start":{"line":215,"column":4},"end":{"line":222,"column":6}},"89":{"start":{"line":224,"column":4},"end":{"line":224,"column":72}},"90":{"start":{"line":225,"column":4},"end":{"line":225,"column":25}},"91":{"start":{"line":226,"column":4},"end":{"line":229,"column":6}},"92":{"start":{"line":231,"column":4},"end":{"line":231,"column":25}},"93":{"start":{"line":232,"column":4},"end":{"line":235,"column":6}},"94":{"start":{"line":240,"column":2},"end":{"line":253,"column":3}},"95":{"start":{"line":241,"column":22},"end":{"line":241,"column":75}},"96":{"start":{"line":242,"column":4},"end":{"line":242,"column":25}},"97":{"start":{"line":243,"column":4},"end":{"line":246,"column":6}},"98":{"start":{"line":248,"column":4},"end":{"line":248,"column":25}},"99":{"start":{"line":249,"column":4},"end":{"line":252,"column":6}},"100":{"start":{"line":284,"column":2},"end":{"line":294,"column":3}},"101":{"start":{"line":285,"column":4},"end":{"line":285,"column":44}},"102":{"start":{"line":286,"column":4},"end":{"line":286,"column":42}},"103":{"start":{"line":288,"column":4},"end":{"line":288,"column":25}},"104":{"start":{"line":289,"column":4},"end":{"line":292,"column":6}},"105":{"start":{"line":293,"column":4},"end":{"line":293,"column":10}},"106":{"start":{"line":295,"column":2},"end":{"line":327,"column":3}},"107":{"start":{"line":296,"column":4},"end":{"line":303,"column":5}},"108":{"start":{"line":297,"column":6},"end":{"line":297,"column":27}},"109":{"start":{"line":298,"column":6},"end":{"line":301,"column":8}},"110":{"start":{"line":302,"column":6},"end":{"line":302,"column":12}},"111":{"start":{"line":304,"column":21},"end":{"line":304,"column":48}},"112":{"start":{"line":306,"column":4},"end":{"line":320,"column":5}},"113":{"start":{"line":307,"column":6},"end":{"line":307,"column":27}},"114":{"start":{"line":308,"column":6},"end":{"line":312,"column":8}},"115":{"start":{"line":315,"column":6},"end":{"line":319,"column":8}},"116":{"start":{"line":322,"column":4},"end":{"line":322,"column":25}},"117":{"start":{"line":323,"column":4},"end":{"line":326,"column":6}},"118":{"start":{"line":331,"column":2},"end":{"line":381,"column":3}},"119":{"start":{"line":332,"column":4},"end":{"line":339,"column":5}},"120":{"start":{"line":333,"column":6},"end":{"line":333,"column":27}},"121":{"start":{"line":334,"column":6},"end":{"line":337,"column":8}},"122":{"start":{"line":338,"column":6},"end":{"line":338,"column":12}},"123":{"start":{"line":341,"column":22},"end":{"line":341,"column":61}},"124":{"start":{"line":343,"column":4},"end":{"line":374,"column":5}},"125":{"start":{"line":369,"column":6},"end":{"line":369,"column":27}},"126":{"start":{"line":370,"column":6},"end":{"line":373,"column":8}},"127":{"start":{"line":376,"column":4},"end":{"line":376,"column":25}},"128":{"start":{"line":377,"column":4},"end":{"line":380,"column":6}},"129":{"start":{"line":385,"column":2},"end":{"line":427,"column":3}},"130":{"start":{"line":386,"column":4},"end":{"line":393,"column":5}},"131":{"start":{"line":387,"column":6},"end":{"line":387,"column":27}},"132":{"start":{"line":388,"column":6},"end":{"line":391,"column":8}},"133":{"start":{"line":392,"column":6},"end":{"line":392,"column":12}},"134":{"start":{"line":394,"column":21},"end":{"line":394,"column":62}},"135":{"start":{"line":395,"column":22},"end":{"line":395,"column":42}},"136":{"start":{"line":397,"column":20},"end":{"line":397,"column":22}},"137":{"start":{"line":399,"column":4},"end":{"line":404,"column":5}},"138":{"start":{"line":399,"column":17},"end":{"line":399,"column":18}},"139":{"start":{"line":400,"column":6},"end":{"line":403,"column":7}},"140":{"start":{"line":401,"column":8},"end":{"line":401,"column":21}},"141":{"start":{"line":402,"column":8},"end":{"line":402,"column":13}},"142":{"start":{"line":406,"column":4},"end":{"line":412,"column":5}},"143":{"start":{"line":407,"column":6},"end":{"line":407,"column":27}},"144":{"start":{"line":408,"column":6},"end":{"line":410,"column":8}},"145":{"start":{"line":411,"column":6},"end":{"line":411,"column":12}},"146":{"start":{"line":414,"column":4},"end":{"line":414,"column":39}},"147":{"start":{"line":415,"column":4},"end":{"line":415,"column":72}},"148":{"start":{"line":417,"column":4},"end":{"line":417,"column":25}},"149":{"start":{"line":418,"column":4},"end":{"line":420,"column":6}},"150":{"start":{"line":422,"column":4},"end":{"line":422,"column":25}},"151":{"start":{"line":423,"column":4},"end":{"line":426,"column":6}},"152":{"start":{"line":431,"column":2},"end":{"line":461,"column":3}},"153":{"start":{"line":432,"column":21},"end":{"line":432,"column":62}},"154":{"start":{"line":433,"column":22},"end":{"line":433,"column":42}},"155":{"start":{"line":435,"column":20},"end":{"line":435,"column":22}},"156":{"start":{"line":437,"column":4},"end":{"line":442,"column":5}},"157":{"start":{"line":437,"column":17},"end":{"line":437,"column":18}},"158":{"start":{"line":438,"column":6},"end":{"line":441,"column":7}},"159":{"start":{"line":439,"column":8},"end":{"line":439,"column":21}},"160":{"start":{"line":440,"column":8},"end":{"line":440,"column":13}},"161":{"start":{"line":444,"column":4},"end":{"line":444,"column":51}},"162":{"start":{"line":446,"column":4},"end":{"line":446,"column":72}},"163":{"start":{"line":448,"column":4},"end":{"line":448,"column":25}},"164":{"start":{"line":449,"column":4},"end":{"line":451,"column":6}},"165":{"start":{"line":464,"column":0},"end":{"line":464,"column":151}}},"fnMap":{"0":{"name":"getid","decl":{"start":{"line":5,"column":9},"end":{"line":5,"column":14}},"loc":{"start":{"line":5,"column":27},"end":{"line":23,"column":1}},"line":5},"1":{"name":"createPost","decl":{"start":{"line":25,"column":9},"end":{"line":25,"column":19}},"loc":{"start":{"line":25,"column":32},"end":{"line":60,"column":1}},"line":25},"2":{"name":"editPost","decl":{"start":{"line":62,"column":9},"end":{"line":62,"column":17}},"loc":{"start":{"line":62,"column":30},"end":{"line":90,"column":1}},"line":62},"3":{"name":"findUserByKey","decl":{"start":{"line":92,"column":9},"end":{"line":92,"column":22}},"loc":{"start":{"line":92,"column":35},"end":{"line":139,"column":1}},"line":92},"4":{"name":"findUserByKeys","decl":{"start":{"line":141,"column":9},"end":{"line":141,"column":23}},"loc":{"start":{"line":141,"column":36},"end":{"line":206,"column":1}},"line":141},"5":{"name":"createUser","decl":{"start":{"line":208,"column":9},"end":{"line":208,"column":19}},"loc":{"start":{"line":208,"column":32},"end":{"line":237,"column":1}},"line":208},"6":{"name":"getPosts","decl":{"start":{"line":239,"column":9},"end":{"line":239,"column":17}},"loc":{"start":{"line":239,"column":30},"end":{"line":254,"column":1}},"line":239},"7":{"name":"findPostByKeys","decl":{"start":{"line":281,"column":9},"end":{"line":281,"column":23}},"loc":{"start":{"line":281,"column":36},"end":{"line":328,"column":1}},"line":281},"8":{"name":"deletePost","decl":{"start":{"line":330,"column":9},"end":{"line":330,"column":19}},"loc":{"start":{"line":330,"column":32},"end":{"line":382,"column":1}},"line":330},"9":{"name":"deleteUser","decl":{"start":{"line":384,"column":9},"end":{"line":384,"column":19}},"loc":{"start":{"line":384,"column":32},"end":{"line":428,"column":1}},"line":384},"10":{"name":"editUser","decl":{"start":{"line":430,"column":9},"end":{"line":430,"column":17}},"loc":{"start":{"line":430,"column":30},"end":{"line":462,"column":1}},"line":430}},"branchMap":{"0":{"loc":{"start":{"line":69,"column":6},"end":{"line":74,"column":7}},"type":"if","locations":[{"start":{"line":69,"column":6},"end":{"line":74,"column":7}},{"start":{},"end":{}}],"line":69},"1":{"loc":{"start":{"line":94,"column":4},"end":{"line":101,"column":5}},"type":"if","locations":[{"start":{"line":94,"column":4},"end":{"line":101,"column":5}},{"start":{},"end":{}}],"line":94},"2":{"loc":{"start":{"line":94,"column":8},"end":{"line":94,"column":118}},"type":"binary-expr","locations":[{"start":{"line":94,"column":8},"end":{"line":94,"column":33}},{"start":{"line":94,"column":37},"end":{"line":94,"column":63}},{"start":{"line":94,"column":67},"end":{"line":94,"column":90}},{"start":{"line":94,"column":94},"end":{"line":94,"column":118}}],"line":94},"3":{"loc":{"start":{"line":110,"column":6},"end":{"line":114,"column":7}},"type":"if","locations":[{"start":{"line":110,"column":6},"end":{"line":114,"column":7}},{"start":{},"end":{}}],"line":110},"4":{"loc":{"start":{"line":117,"column":4},"end":{"line":131,"column":5}},"type":"if","locations":[{"start":{"line":117,"column":4},"end":{"line":131,"column":5}},{"start":{"line":124,"column":11},"end":{"line":131,"column":5}}],"line":117},"5":{"loc":{"start":{"line":156,"column":4},"end":{"line":163,"column":5}},"type":"if","locations":[{"start":{"line":156,"column":4},"end":{"line":163,"column":5}},{"start":{},"end":{}}],"line":156},"6":{"loc":{"start":{"line":156,"column":8},"end":{"line":156,"column":118}},"type":"binary-expr","locations":[{"start":{"line":156,"column":8},"end":{"line":156,"column":33}},{"start":{"line":156,"column":37},"end":{"line":156,"column":63}},{"start":{"line":156,"column":67},"end":{"line":156,"column":90}},{"start":{"line":156,"column":94},"end":{"line":156,"column":118}}],"line":156},"7":{"loc":{"start":{"line":174,"column":8},"end":{"line":176,"column":9}},"type":"if","locations":[{"start":{"line":174,"column":8},"end":{"line":176,"column":9}},{"start":{},"end":{}}],"line":174},"8":{"loc":{"start":{"line":178,"column":6},"end":{"line":181,"column":7}},"type":"if","locations":[{"start":{"line":178,"column":6},"end":{"line":181,"column":7}},{"start":{},"end":{}}],"line":178},"9":{"loc":{"start":{"line":184,"column":4},"end":{"line":198,"column":5}},"type":"if","locations":[{"start":{"line":184,"column":4},"end":{"line":198,"column":5}},{"start":{"line":191,"column":11},"end":{"line":198,"column":5}}],"line":184},"10":{"loc":{"start":{"line":296,"column":4},"end":{"line":303,"column":5}},"type":"if","locations":[{"start":{"line":296,"column":4},"end":{"line":303,"column":5}},{"start":{},"end":{}}],"line":296},"11":{"loc":{"start":{"line":296,"column":8},"end":{"line":296,"column":118}},"type":"binary-expr","locations":[{"start":{"line":296,"column":8},"end":{"line":296,"column":33}},{"start":{"line":296,"column":37},"end":{"line":296,"column":63}},{"start":{"line":296,"column":67},"end":{"line":296,"column":90}},{"start":{"line":296,"column":94},"end":{"line":296,"column":118}}],"line":296},"12":{"loc":{"start":{"line":306,"column":4},"end":{"line":320,"column":5}},"type":"if","locations":[{"start":{"line":306,"column":4},"end":{"line":320,"column":5}},{"start":{"line":313,"column":11},"end":{"line":320,"column":5}}],"line":306},"13":{"loc":{"start":{"line":332,"column":4},"end":{"line":339,"column":5}},"type":"if","locations":[{"start":{"line":332,"column":4},"end":{"line":339,"column":5}},{"start":{},"end":{}}],"line":332},"14":{"loc":{"start":{"line":332,"column":8},"end":{"line":332,"column":120}},"type":"binary-expr","locations":[{"start":{"line":332,"column":8},"end":{"line":332,"column":33}},{"start":{"line":332,"column":37},"end":{"line":332,"column":64}},{"start":{"line":332,"column":68},"end":{"line":332,"column":91}},{"start":{"line":332,"column":95},"end":{"line":332,"column":120}}],"line":332},"15":{"loc":{"start":{"line":343,"column":4},"end":{"line":374,"column":5}},"type":"if","locations":[{"start":{"line":343,"column":4},"end":{"line":374,"column":5}},{"start":{"line":368,"column":11},"end":{"line":374,"column":5}}],"line":343},"16":{"loc":{"start":{"line":386,"column":4},"end":{"line":393,"column":5}},"type":"if","locations":[{"start":{"line":386,"column":4},"end":{"line":393,"column":5}},{"start":{},"end":{}}],"line":386},"17":{"loc":{"start":{"line":386,"column":8},"end":{"line":386,"column":120}},"type":"binary-expr","locations":[{"start":{"line":386,"column":8},"end":{"line":386,"column":33}},{"start":{"line":386,"column":37},"end":{"line":386,"column":64}},{"start":{"line":386,"column":68},"end":{"line":386,"column":91}},{"start":{"line":386,"column":95},"end":{"line":386,"column":120}}],"line":386},"18":{"loc":{"start":{"line":400,"column":6},"end":{"line":403,"column":7}},"type":"if","locations":[{"start":{"line":400,"column":6},"end":{"line":403,"column":7}},{"start":{},"end":{}}],"line":400},"19":{"loc":{"start":{"line":400,"column":10},"end":{"line":400,"column":97}},"type":"binary-expr","locations":[{"start":{"line":400,"column":10},"end":{"line":400,"column":54}},{"start":{"line":400,"column":58},"end":{"line":400,"column":97}}],"line":400},"20":{"loc":{"start":{"line":406,"column":4},"end":{"line":412,"column":5}},"type":"if","locations":[{"start":{"line":406,"column":4},"end":{"line":412,"column":5}},{"start":{},"end":{}}],"line":406},"21":{"loc":{"start":{"line":438,"column":6},"end":{"line":441,"column":7}},"type":"if","locations":[{"start":{"line":438,"column":6},"end":{"line":441,"column":7}},{"start":{},"end":{}}],"line":438}},"s":{"0":1,"1":1,"2":2,"3":2,"4":2,"5":2,"6":1,"7":1,"8":1,"9":1,"10":1,"11":1,"12":0,"13":0,"14":1,"15":1,"16":1,"17":1,"18":1,"19":1,"20":1,"21":4,"22":0,"23":0,"24":0,"25":0,"26":1,"27":1,"28":1,"29":0,"30":0,"31":5,"32":5,"33":2,"34":2,"35":2,"36":3,"37":3,"38":3,"39":3,"40":3,"41":3,"42":60,"43":2,"44":2,"45":2,"46":3,"47":2,"48":2,"49":1,"50":1,"51":0,"52":0,"53":3,"54":3,"55":3,"56":1,"57":1,"58":1,"59":2,"60":2,"61":0,"62":0,"63":0,"64":2,"65":2,"66":2,"67":2,"68":2,"69":2,"70":40,"71":40,"72":40,"73":80,"74":16,"75":40,"76":1,"77":1,"78":2,"79":1,"80":1,"81":1,"82":0,"83":0,"84":1,"85":1,"86":1,"87":1,"88":1,"89":1,"90":1,"91":1,"92":0,"93":0,"94":1,"95":1,"96":1,"97":1,"98":0,"99":0,"100":2,"101":2,"102":1,"103":1,"104":1,"105":1,"106":1,"107":1,"108":0,"109":0,"110":0,"111":1,"112":1,"113":0,"114":0,"115":1,"116":0,"117":0,"118":2,"119":2,"120":1,"121":1,"122":1,"123":1,"124":1,"125":1,"126":1,"127":0,"128":0,"129":3,"130":3,"131":1,"132":1,"133":1,"134":2,"135":2,"136":2,"137":2,"138":2,"139":40,"140":1,"141":1,"142":2,"143":1,"144":1,"145":1,"146":1,"147":1,"148":1,"149":1,"150":0,"151":0,"152":1,"153":1,"154":1,"155":1,"156":1,"157":1,"158":20,"159":1,"160":1,"161":1,"162":1,"163":1,"164":1,"165":1},"f":{"0":2,"1":1,"2":1,"3":5,"4":3,"5":1,"6":1,"7":2,"8":2,"9":3,"10":1},"b":{"0":[0,4],"1":[2,3],"2":[5,5,5,3],"3":[2,58],"4":[2,1],"5":[0,2],"6":[2,2,2,2],"7":[16,64],"8":[1,39],"9":[1,1],"10":[0,1],"11":[1,1,1,1],"12":[0,1],"13":[1,1],"14":[2,2,2,1],"15":[0,1],"16":[1,2],"17":[3,3,3,2],"18":[1,39],"19":[40,1],"20":[1,1],"21":[1,19]},"_coverageSchema":"1a1c01bbd47fc00a2c39e90264f33305004495a9","hash":"cdd8d50e7e4e4e41ef3e2400361323eb66e28510"}
}
