TN:
SF:index.js
FNF:0
FNH:0
DA:1,1
DA:2,1
DA:3,1
DA:5,1
DA:7,1
DA:8,1
DA:10,1
DA:12,1
DA:27,1
DA:30,1
DA:31,1
DA:32,1
DA:33,1
DA:34,1
DA:35,1
DA:36,1
DA:37,1
DA:38,1
DA:42,1
DA:47,1
DA:49,1
LF:21
LH:21
BRF:0
BRH:0
end_of_record
TN:
SF:serverFuncs.js
FN:5,getid
FN:25,createPost
FN:62,editPost
FN:92,findUserByKey
FN:132,findUserByKeys
FN:178,createUser
FN:209,getPosts
FN:251,findPostByKeys
FN:279,deletePost
FN:327,deleteUser
FN:356,editUser
FNF:11
FNH:11
FNDA:2,getid
FNDA:1,createPost
FNDA:1,editPost
FNDA:3,findUserByKey
FNDA:2,findUserByKeys
FNDA:1,createUser
FNDA:1,getPosts
FNDA:1,findPostByKeys
FNDA:1,deletePost
FNDA:1,deleteUser
FNDA:1,editUser
DA:1,1
DA:3,1
DA:6,2
DA:7,2
DA:8,2
DA:9,2
DA:26,1
DA:28,1
DA:29,1
DA:30,1
DA:32,1
DA:34,1
DA:49,0
DA:50,0
DA:54,1
DA:55,1
DA:63,1
DA:65,1
DA:66,1
DA:68,1
DA:69,1
DA:70,0
DA:71,0
DA:73,0
DA:77,1
DA:79,1
DA:80,1
DA:84,0
DA:85,0
DA:93,3
DA:94,3
DA:95,3
DA:96,3
DA:98,3
DA:100,3
DA:101,60
DA:102,2
DA:103,2
DA:104,2
DA:108,3
DA:109,2
DA:110,2
DA:116,1
DA:117,1
DA:124,0
DA:125,0
DA:133,2
DA:134,2
DA:135,2
DA:136,2
DA:138,2
DA:141,2
DA:142,40
DA:143,40
DA:144,80
DA:145,15
DA:148,40
DA:149,1
DA:150,1
DA:154,2
DA:155,1
DA:156,1
DA:163,1
DA:170,0
DA:171,0
DA:179,1
DA:181,1
DA:182,1
DA:183,1
DA:185,1
DA:194,1
DA:195,1
DA:196,1
DA:201,0
DA:202,0
DA:210,1
DA:211,1
DA:212,1
DA:213,1
DA:218,0
DA:219,0
DA:252,1
DA:253,1
DA:255,1
DA:256,0
DA:257,0
DA:264,1
DA:271,0
DA:272,0
DA:280,1
DA:282,1
DA:284,1
DA:312,1
DA:313,1
DA:319,0
DA:320,0
DA:328,1
DA:329,1
DA:330,1
DA:332,1
DA:333,1
DA:334,20
DA:335,1
DA:336,1
DA:340,1
DA:341,1
DA:343,1
DA:344,1
DA:348,0
DA:349,0
DA:357,1
DA:358,1
DA:359,1
DA:361,1
DA:363,1
DA:364,20
DA:365,1
DA:366,1
DA:370,1
DA:372,1
DA:374,1
DA:375,1
DA:390,1
LF:123
LH:100
BRDA:69,0,0,0
BRDA:69,0,1,1
BRDA:101,1,0,2
BRDA:101,1,1,58
BRDA:108,2,0,2
BRDA:108,2,1,1
BRDA:144,3,0,15
BRDA:144,3,1,65
BRDA:148,4,0,1
BRDA:148,4,1,39
BRDA:154,5,0,1
BRDA:154,5,1,1
BRDA:255,6,0,0
BRDA:255,6,1,1
BRDA:284,7,0,0
BRDA:284,7,1,1
BRDA:334,8,0,1
BRDA:334,8,1,19
BRDA:334,9,0,20
BRDA:334,9,1,1
BRDA:364,10,0,1
BRDA:364,10,1,19
BRF:22
BRH:19
end_of_record
