TN:
SF:index.js
FNF:0
FNH:0
DA:1,1
DA:2,1
DA:3,1
DA:5,1
DA:7,1
DA:8,1
DA:10,1
DA:12,1
DA:27,1
DA:32,1
DA:33,1
DA:34,1
DA:35,1
DA:36,1
DA:39,1
DA:40,1
DA:43,1
DA:44,1
DA:47,1
DA:48,1
DA:50,1
LF:21
LH:21
BRF:0
BRH:0
end_of_record
TN:
SF:serverFuncs.js
FN:5,getid
FN:25,createPost
FN:62,editPost
FN:92,findUserByKey
FN:141,findUserByKeys
FN:208,createUser
FN:239,getPosts
FN:281,findPostByKeys
FN:330,deletePost
FN:384,deleteUser
FN:430,editUser
FNF:11
FNH:11
FNDA:2,getid
FNDA:1,createPost
FNDA:1,editPost
FNDA:5,findUserByKey
FNDA:3,findUserByKeys
FNDA:1,createUser
FNDA:1,getPosts
FNDA:2,findPostByKeys
FNDA:2,deletePost
FNDA:3,deleteUser
FNDA:1,editUser
DA:1,1
DA:3,1
DA:6,2
DA:7,2
DA:8,2
DA:9,2
DA:26,1
DA:28,1
DA:29,1
DA:30,1
DA:32,1
DA:34,1
DA:49,0
DA:50,0
DA:54,1
DA:55,1
DA:63,1
DA:65,1
DA:66,1
DA:68,1
DA:69,4
DA:70,0
DA:71,0
DA:73,0
DA:77,1
DA:79,1
DA:80,1
DA:84,0
DA:85,0
DA:93,5
DA:94,5
DA:95,2
DA:96,2
DA:100,2
DA:103,3
DA:104,3
DA:106,3
DA:107,3
DA:109,3
DA:110,60
DA:111,2
DA:112,2
DA:113,2
DA:117,3
DA:118,2
DA:119,2
DA:125,1
DA:126,1
DA:133,0
DA:134,0
DA:144,3
DA:145,3
DA:146,3
DA:148,1
DA:149,1
DA:153,1
DA:155,2
DA:156,2
DA:157,0
DA:158,0
DA:162,0
DA:164,2
DA:165,2
DA:166,2
DA:168,2
DA:171,2
DA:172,40
DA:173,40
DA:174,80
DA:175,16
DA:178,40
DA:179,1
DA:180,1
DA:184,2
DA:185,1
DA:186,1
DA:193,1
DA:200,0
DA:201,0
DA:209,1
DA:211,1
DA:212,1
DA:213,1
DA:215,1
DA:224,1
DA:225,1
DA:226,1
DA:231,0
DA:232,0
DA:240,1
DA:241,1
DA:242,1
DA:243,1
DA:248,0
DA:249,0
DA:284,2
DA:285,2
DA:286,1
DA:288,1
DA:289,1
DA:293,1
DA:295,1
DA:296,1
DA:297,0
DA:298,0
DA:302,0
DA:304,1
DA:306,1
DA:307,0
DA:308,0
DA:315,1
DA:322,0
DA:323,0
DA:331,2
DA:332,2
DA:333,1
DA:334,1
DA:338,1
DA:341,1
DA:343,1
DA:369,1
DA:370,1
DA:376,0
DA:377,0
DA:385,3
DA:386,3
DA:387,1
DA:388,1
DA:392,1
DA:394,2
DA:395,2
DA:397,2
DA:399,2
DA:400,40
DA:401,1
DA:402,1
DA:406,2
DA:407,1
DA:408,1
DA:411,1
DA:414,1
DA:415,1
DA:417,1
DA:418,1
DA:422,0
DA:423,0
DA:431,1
DA:432,1
DA:433,1
DA:435,1
DA:437,1
DA:438,20
DA:439,1
DA:440,1
DA:444,1
DA:446,1
DA:448,1
DA:449,1
DA:464,1
LF:159
LH:130
BRDA:69,0,0,0
BRDA:69,0,1,4
BRDA:94,1,0,2
BRDA:94,1,1,3
BRDA:94,2,0,5
BRDA:94,2,1,5
BRDA:94,2,2,5
BRDA:94,2,3,3
BRDA:110,3,0,2
BRDA:110,3,1,58
BRDA:117,4,0,2
BRDA:117,4,1,1
BRDA:156,5,0,0
BRDA:156,5,1,2
BRDA:156,6,0,2
BRDA:156,6,1,2
BRDA:156,6,2,2
BRDA:156,6,3,2
BRDA:174,7,0,16
BRDA:174,7,1,64
BRDA:178,8,0,1
BRDA:178,8,1,39
BRDA:184,9,0,1
BRDA:184,9,1,1
BRDA:296,10,0,0
BRDA:296,10,1,1
BRDA:296,11,0,1
BRDA:296,11,1,1
BRDA:296,11,2,1
BRDA:296,11,3,1
BRDA:306,12,0,0
BRDA:306,12,1,1
BRDA:332,13,0,1
BRDA:332,13,1,1
BRDA:332,14,0,2
BRDA:332,14,1,2
BRDA:332,14,2,2
BRDA:332,14,3,1
BRDA:343,15,0,0
BRDA:343,15,1,1
BRDA:386,16,0,1
BRDA:386,16,1,2
BRDA:386,17,0,3
BRDA:386,17,1,3
BRDA:386,17,2,3
BRDA:386,17,3,2
BRDA:400,18,0,1
BRDA:400,18,1,39
BRDA:400,19,0,40
BRDA:400,19,1,1
BRDA:406,20,0,1
BRDA:406,20,1,1
BRDA:438,21,0,1
BRDA:438,21,1,19
BRF:54
BRH:49
end_of_record
